<?xml version="1.0" encoding="UTF-8"?>
<!-- Generated by org.testng.reporters.JUnitReportReporter -->
<testsuite hostname="Karthick" failures="0" tests="2" name="com.testng.selenium.test.HomeTest" time="1.607" errors="0" timestamp="2023-10-11T15:11:16 IST" skipped="0">
  <testcase classname="com.testng.selenium.test.HomeTest" name="Search" time="1.455"/>
  <system-out/>
  <testcase classname="com.testng.selenium.test.HomeTest" name="testTitle" time="0.152"/>
  <system-out/>
</testsuite> <!-- com.testng.selenium.test.HomeTest -->
