<?xml version="1.0" encoding="UTF-8"?>
<!-- Generated by org.testng.reporters.JUnitReportReporter -->
<testsuite hostname="Karthick" failures="0" tests="1" name="com.TestNg.TDD.TestUserName" time="0.034" errors="0" timestamp="2023-10-12T11:36:45 IST" skipped="0">
  <testcase classname="com.TestNg.TDD.TestUserName" name="UsernameTest" time="0.034"/>
  <system-out/>
</testsuite> <!-- com.TestNg.TDD.TestUserName -->
