<?xml version="1.0" encoding="UTF-8"?>
<!-- Generated by org.testng.reporters.JUnitReportReporter -->
<testsuite hostname="Karthick" failures="0" tests="2" name="com.TestNg.Selenium.TestGroupsTwo" time="0.006" errors="0" timestamp="2023-10-05T14:59:25 IST" skipped="0">
  <testcase classname="com.TestNg.Selenium.TestGroupsTwo" name="openapp" time="0.002"/>
  <system-out/>
  <testcase classname="com.TestNg.Selenium.TestGroupsTwo" name="loginHome" time="0.004"/>
  <system-out/>
</testsuite> <!-- com.TestNg.Selenium.TestGroupsTwo -->
