<?xml version="1.0" encoding="UTF-8"?>
<!-- Generated by org.testng.reporters.JUnitReportReporter -->
<testsuite hostname="Karthick" failures="0" tests="10" name="com.TestNg.DataDrivenTest.WikiCreateAccount" time="28.132" errors="0" timestamp="2023-10-07T10:06:54 IST" skipped="0">
  <testcase classname="com.TestNg.DataDrivenTest.WikiCreateAccount" name="CreateAccount" time="2.854"/>
  <system-out/>
  <testcase classname="com.TestNg.DataDrivenTest.WikiCreateAccount" name="CreateAccount" time="2.755"/>
  <system-out/>
  <testcase classname="com.TestNg.DataDrivenTest.WikiCreateAccount" name="CreateAccount" time="2.826"/>
  <system-out/>
  <testcase classname="com.TestNg.DataDrivenTest.WikiCreateAccount" name="CreateAccount" time="2.997"/>
  <system-out/>
  <testcase classname="com.TestNg.DataDrivenTest.WikiCreateAccount" name="CreateAccount" time="2.791"/>
  <system-out/>
  <testcase classname="com.TestNg.DataDrivenTest.WikiCreateAccount" name="CreateAccount" time="2.771"/>
  <system-out/>
  <testcase classname="com.TestNg.DataDrivenTest.WikiCreateAccount" name="CreateAccount" time="2.814"/>
  <system-out/>
  <testcase classname="com.TestNg.DataDrivenTest.WikiCreateAccount" name="CreateAccount" time="2.765"/>
  <system-out/>
  <testcase classname="com.TestNg.DataDrivenTest.WikiCreateAccount" name="CreateAccount" time="2.761"/>
  <system-out/>
  <testcase classname="com.TestNg.DataDrivenTest.WikiCreateAccount" name="CreateAccount" time="2.798"/>
  <system-out/>
</testsuite> <!-- com.TestNg.DataDrivenTest.WikiCreateAccount -->
