<?xml version="1.0" encoding="UTF-8"?>
<!-- Generated by org.testng.reporters.JUnitReportReporter -->
<testsuite hostname="Karthick" failures="0" tests="1" name="com.TestNg.Selenium.TestExtentReport" time="2.355" errors="0" timestamp="2023-10-06T10:40:03 IST" skipped="0">
  <testcase classname="com.TestNg.Selenium.TestExtentReport" name="Report" time="2.355"/>
  <system-out/>
</testsuite> <!-- com.TestNg.Selenium.TestExtentReport -->
