<?xml version="1.0" encoding="UTF-8"?>
<!-- Generated by org.testng.reporters.JUnitReportReporter -->
<testsuite hostname="Karthick" failures="0" tests="1" name="SeleniumGrid.TestSeleniumGridStandAlone" time="5.961" errors="0" timestamp="2023-10-09T12:22:47 IST" skipped="0">
  <testcase classname="SeleniumGrid.TestSeleniumGridStandAlone" name="GridDemo1" time="5.961"/>
  <system-out/>
</testsuite> <!-- SeleniumGrid.TestSeleniumGridStandAlone -->
