<?xml version="1.0" encoding="UTF-8"?>
<!-- Generated by org.testng.reporters.JUnitReportReporter -->
<testsuite hostname="Karthick" failures="0" tests="1" name="com.testng.selenium.test.HomeTest" time="0.052" errors="0" timestamp="2023-10-10T14:30:26 IST" skipped="0">
  <testcase classname="com.testng.selenium.test.HomeTest" name="testTitle" time="0.052"/>
  <system-out/>
</testsuite> <!-- com.testng.selenium.test.HomeTest -->
