<?xml version="1.0" encoding="UTF-8"?>
<!-- Generated by org.testng.reporters.JUnitReportReporter -->
<testsuite hostname="Karthick" failures="0" tests="5" name="com.TestNg.Selenium.TestGroupsOne" time="0.025" errors="0" timestamp="2023-10-05T14:59:25 IST" skipped="0">
  <testcase classname="com.TestNg.Selenium.TestGroupsOne" name="opentheAccountPage" time="0.015"/>
  <system-out/>
  <testcase classname="com.TestNg.Selenium.TestGroupsOne" name="login" time="0.002"/>
  <system-out/>
  <testcase classname="com.TestNg.Selenium.TestGroupsOne" name="Accounts" time="0.002"/>
  <system-out/>
  <testcase classname="com.TestNg.Selenium.TestGroupsOne" name="createAccount" time="0.003"/>
  <system-out/>
  <testcase classname="com.TestNg.Selenium.TestGroupsOne" name="Logout" time="0.003"/>
  <system-out/>
</testsuite> <!-- com.TestNg.Selenium.TestGroupsOne -->
