<?xml version="1.0" encoding="UTF-8"?>
<!-- Generated by org.testng.reporters.JUnitReportReporter -->
<testsuite hostname="Karthick" failures="0" tests="1" name="com.TestNg.Selenium.TestBeforeAfterClass" time="3.385" errors="0" timestamp="2023-10-05T12:06:03 IST" skipped="0">
  <testcase classname="com.TestNg.Selenium.TestBeforeAfterClass" name="login" time="3.385"/>
  <system-out/>
</testsuite> <!-- com.TestNg.Selenium.TestBeforeAfterClass -->
