<?xml version="1.0" encoding="UTF-8"?>
<!-- Generated by org.testng.reporters.JUnitReportReporter -->
<testsuite hostname="Karthick" failures="0" tests="2" name="com.TestNg.DataDrivenTest.TestWithParamter" time="2.527" errors="0" timestamp="2023-10-07T09:46:29 IST" skipped="0">
  <testcase classname="com.TestNg.DataDrivenTest.TestWithParamter" name="login" time="1.262"/>
  <system-out/>
  <testcase classname="com.TestNg.DataDrivenTest.TestWithParamter" name="login" time="1.265"/>
  <system-out/>
</testsuite> <!-- com.TestNg.DataDrivenTest.TestWithParamter -->
