<?xml version="1.0" encoding="UTF-8"?>
<!-- Generated by org.testng.reporters.JUnitReportReporter -->
<testsuite hostname="Karthick" failures="0" tests="2" name="com.TestNg.Selenium.TestIgnoreAndEnable" time="3.294" errors="0" timestamp="2023-10-05T15:09:32 IST" skipped="1">
  <testcase classname="com.TestNg.Selenium.TestIgnoreAndEnable" name="login" time="3.294"/>
  <system-out/>
  <testcase classname="com.TestNg.Selenium.TestIgnoreAndEnable" name="GetTitle">
    <skipped/>
  </testcase> <!-- GetTitle -->
  <system-out/>
</testsuite> <!-- com.TestNg.Selenium.TestIgnoreAndEnable -->
