<?xml version="1.0" encoding="UTF-8"?>
<!-- Generated by org.testng.reporters.JUnitReportReporter -->
<testsuite hostname="Karthick" failures="0" tests="1" name="com.TestNg.Selenium.TestAnnotation" time="7.447" errors="0" timestamp="2023-10-05T12:06:03 IST" skipped="0">
  <testcase classname="com.TestNg.Selenium.TestAnnotation" name="GetTitle" time="7.447"/>
  <system-out/>
</testsuite> <!-- com.TestNg.Selenium.TestAnnotation -->
