<?xml version="1.0" encoding="UTF-8"?>
<!-- Generated by org.testng.reporters.JUnitReportReporter -->
<testsuite hostname="Karthick" failures="0" tests="1" name="com.TestNg.Selenium.TestBeforeAfterMethod" time="8.340" errors="0" timestamp="2023-10-05T12:06:03 IST" skipped="0">
  <testcase classname="com.TestNg.Selenium.TestBeforeAfterMethod" name="logout" time="8.340"/>
  <system-out/>
</testsuite> <!-- com.TestNg.Selenium.TestBeforeAfterMethod -->
