<?xml version="1.0" encoding="UTF-8"?>
<!-- Generated by org.testng.reporters.JUnitReportReporter -->
<testsuite hostname="Karthick" failures="0" tests="1" name="Tests.LoginTest" time="5.172" errors="0" timestamp="2023-11-30T12:58:42 IST" skipped="0">
  <testcase classname="Tests.LoginTest" name="testLogin" time="5.172"/>
  <system-out/>
</testsuite> <!-- Tests.LoginTest -->
