<?xml version="1.0" encoding="UTF-8"?>
<!-- Generated by org.testng.reporters.JUnitReportReporter -->
<testsuite hostname="Karthick" failures="0" tests="2" name="RESTAssured.BearerToken" time="5.582" errors="0" timestamp="2023-11-09T10:46:48 IST" skipped="0">
  <testcase classname="RESTAssured.BearerToken" name="Authorization_bearertoken" time="4.004"/>
  <system-out/>
  <testcase classname="RESTAssured.BearerToken" name="Authorization_bearertoken_specificrepo" time="1.578"/>
  <system-out/>
</testsuite> <!-- RESTAssured.BearerToken -->
