<?xml version="1.0" encoding="UTF-8"?>
<!-- Generated by org.testng.reporters.JUnitReportReporter -->
<testsuite hostname="Karthick" failures="0" tests="1" name="RESTAssured.PayloadXML" time="5.973" errors="0" timestamp="2023-11-08T13:17:41 IST" skipped="0">
  <testcase classname="RESTAssured.PayloadXML" name="payloadXML" time="5.973"/>
  <system-out/>
</testsuite> <!-- RESTAssured.PayloadXML -->
