<?xml version="1.0" encoding="UTF-8"?>
<!-- Generated by org.testng.reporters.JUnitReportReporter -->
<testsuite hostname="Karthick" failures="0" tests="1" name="RESTAssured.StepUpCheck" time="4.551" errors="0" timestamp="2023-11-08T12:35:23 IST" skipped="0">
  <testcase classname="RESTAssured.StepUpCheck" name="Check" time="4.551"/>
  <system-out/>
</testsuite> <!-- RESTAssured.StepUpCheck -->
