<?xml version="1.0" encoding="UTF-8"?>
<!-- Generated by org.testng.reporters.JUnitReportReporter -->
<testsuite hostname="Karthick" failures="0" tests="1" name="RESTAssured.POSTRequest" time="4.200" errors="0" timestamp="2023-11-08T13:01:12 IST" skipped="0">
  <testcase classname="RESTAssured.POSTRequest" name="postmethod" time="4.200"/>
  <system-out/>
</testsuite> <!-- RESTAssured.POSTRequest -->
