<?xml version="1.0" encoding="UTF-8"?>
<!-- Generated by org.testng.reporters.JUnitReportReporter -->
<testsuite hostname="Karthick" failures="0" tests="1" name="RESTAssured.PayloadJSON" time="5.575" errors="0" timestamp="2023-11-08T13:16:53 IST" skipped="0">
  <testcase classname="RESTAssured.PayloadJSON" name="postusingJSON" time="5.575"/>
  <system-out/>
</testsuite> <!-- RESTAssured.PayloadJSON -->
