<?xml version="1.0" encoding="UTF-8"?>
<!-- Generated by org.testng.reporters.JUnitReportReporter -->
<testsuite hostname="Karthick" failures="0" tests="1" name="RESTAssured.Log4jTest" time="0.061" errors="0" timestamp="2023-11-10T11:11:03 IST" skipped="0">
  <testcase classname="RESTAssured.Log4jTest" name="method1" time="0.061"/>
  <system-out/>
</testsuite> <!-- RESTAssured.Log4jTest -->
