<?xml version="1.0" encoding="UTF-8"?>
<!-- Generated by org.testng.reporters.JUnitReportReporter -->
<testsuite hostname="Karthick" failures="0" tests="1" name="RESTAssured.SSLAuthentication" time="3.570" errors="0" timestamp="2023-11-09T19:29:35 IST" skipped="0">
  <testcase classname="RESTAssured.SSLAuthentication" name="SSL_authentication" time="3.570"/>
  <system-out/>
</testsuite> <!-- RESTAssured.SSLAuthentication -->
