<?xml version="1.0" encoding="UTF-8"?>
<!-- Generated by org.testng.reporters.JUnitReportReporter -->
<testsuite hostname="Karthick" failures="0" tests="2" name="RESTAssured.GETRequest" time="3.906" errors="0" timestamp="2023-11-08T12:57:10 IST" skipped="1">
  <testcase classname="RESTAssured.GETRequest" name="GetmethodBDDStyle" time="3.906"/>
  <system-out/>
  <testcase classname="RESTAssured.GETRequest" name="httpGetmethod">
    <skipped/>
  </testcase> <!-- httpGetmethod -->
  <system-out/>
</testsuite> <!-- RESTAssured.GETRequest -->
