<?xml version="1.0" encoding="UTF-8"?>
<!-- Generated by org.testng.reporters.JUnitReportReporter -->
<testsuite hostname="Karthick" failures="0" tests="2" name="RESTAssuredAssignment.Assignment002" time="6.703" errors="0" timestamp="2023-11-10T13:04:27 IST" skipped="0">
  <testcase classname="RESTAssuredAssignment.Assignment002" name="assignment002Post" time="4.964"/>
  <system-out/>
  <testcase classname="RESTAssuredAssignment.Assignment002" name="assignment002Put" time="1.739"/>
  <system-out/>
</testsuite> <!-- RESTAssuredAssignment.Assignment002 -->
