<?xml version="1.0" encoding="UTF-8"?>
<!-- Generated by org.testng.reporters.JUnitReportReporter -->
<testsuite hostname="Karthick" failures="0" tests="1" name="RESTAssuredAssignment.Assignment004" time="4.405" errors="0" timestamp="2023-11-10T12:29:31 IST" skipped="0">
  <testcase classname="RESTAssuredAssignment.Assignment004" name="testUserLogin" time="4.405"/>
  <system-out/>
</testsuite> <!-- RESTAssuredAssignment.Assignment004 -->
