<?xml version="1.0" encoding="UTF-8"?>
<!-- Generated by org.testng.reporters.JUnitReportReporter -->
<testsuite hostname="Karthick" failures="0" tests="1" name="RESTAssuredAssignment.Assignment006" time="4.233" errors="0" timestamp="2023-11-10T12:32:07 IST" skipped="0">
  <testcase classname="RESTAssuredAssignment.Assignment006" name="testUserLogout" time="4.233"/>
  <system-out/>
</testsuite> <!-- RESTAssuredAssignment.Assignment006 -->
