<?xml version="1.0" encoding="UTF-8"?>
<!-- Generated by org.testng.reporters.JUnitReportReporter -->
<testsuite hostname="Karthick" failures="0" tests="5" name="api.ApiTests" time="2.305" errors="0" timestamp="2023-11-14T10:07:11 IST" skipped="0">
  <testcase classname="api.ApiTests" name="testAddProductEndpoint" time="1.339"/>
  <system-out/>
  <testcase classname="api.ApiTests" name="testGetAllUsersEndpoint" time="0.037"/>
  <system-out/>
  <testcase classname="api.ApiTests" name="testUpdateProductEndpoint" time="0.022"/>
  <system-out/>
  <testcase classname="api.ApiTests" name="testGetAllProductsEndpoint" time="0.872"/>
  <system-out/>
  <testcase classname="api.ApiTests" name="testDeleteProductEndpoint" time="0.035"/>
  <system-out/>
</testsuite> <!-- api.ApiTests -->
