<?xml version="1.0" encoding="UTF-8"?>
<!-- Generated by org.testng.reporters.JUnitReportReporter -->
<testsuite hostname="LAPTOP-DOBLN3AU" failures="0" tests="1" name="seleniumjenkins.Seleniumtest1" time="11.606" errors="0" timestamp="2023-09-23T11:34:20 IST" skipped="0">
  <testcase classname="seleniumjenkins.Seleniumtest1" name="method1" time="11.606"/>
  <system-out/>
</testsuite> <!-- seleniumjenkins.Seleniumtest1 -->
